<?xml version="1.0" encoding="UTF-8"?>
<!-- Generated by org.testng.reporters.JUnitXMLReporter -->
<testsuite ignored="0" hostname="DESKTOP-5347VP1" failures="1" tests="5" name="Test" time="85.893" errors="0" timestamp="2023-01-22T17:06:51 IST">
  <testcase classname="Com.Ecommerce.TestCases.TC_LoginDataTestCase" name="LoginData" time="12.408">
    <failure type="java.lang.AssertionError" message="expected [true] but found [false]">
      <![CDATA[java.lang.AssertionError: expected [true] but found [false]
at Com.Ecommerce.TestCases.TC_LoginDataTestCase.LoginData(TC_LoginDataTestCase.java:41)
at java.base/java.util.ArrayList.forEach(ArrayList.java:1511)
... Removed 29 stack frames]]>
    </failure>
  </testcase> <!-- LoginData -->
  <testcase classname="Com.Ecommerce.TestCases.TC_LoginDataTestCase" name="LoginData" time="9.83"/>
  <testcase classname="Com.Ecommerce.TestCases.TC_LoginDataTestCase" name="LoginData" time="10.774"/>
  <testcase classname="Com.Ecommerce.TestCases.TC_LoginDataTestCase" name="LoginData" time="10.61"/>
  <testcase classname="Com.Ecommerce.TestCases.TC_LoginDataTestCase" name="LoginData" time="10.451"/>
</testsuite> <!-- Test -->
